<?xml version="1.0" encoding="UTF-8"?>
<!-- Generated by org.testng.reporters.JUnitReportReporter -->
<testsuite hostname="DESKTOP-HC65C7B" failures="0" tests="2" name="MyFirstMavenProject.IntroToMaven.AppiumTest" time="0.010" errors="0" timestamp="2021-09-19T17:23:43 IST" skipped="0">
  <testcase classname="MyFirstMavenProject.IntroToMaven.AppiumTest" name="demoAppium" time="0.001"/>
  <system-out/>
  <testcase classname="MyFirstMavenProject.IntroToMaven.AppiumTest" name="SetAppium" time="0.009"/>
  <system-out/>
</testsuite> <!-- MyFirstMavenProject.IntroToMaven.AppiumTest -->
